<?xml version="1.0" encoding="UTF-8"?>
<!-- Generated by org.testng.reporters.JUnitReportReporter -->
<testsuite hostname="DESKTOP-6MJ0RJ1" failures="0" tests="1" name="testcase1.AddToCartByVariousMethodAndDelete2" time="169.055" errors="0" timestamp="2023-03-07T13:46:43 IST" skipped="0">
  <testcase classname="testcase1.AddToCartByVariousMethodAndDelete2" name="AddToCartByVariousMethodAndDelete2" time="169.055"/>
  <system-out/>
</testsuite> <!-- testcase1.AddToCartByVariousMethodAndDelete2 -->
