<?xml version="1.0" encoding="UTF-8"?>
<!-- Generated by org.testng.reporters.JUnitReportReporter -->
<testsuite hostname="DESKTOP-6MJ0RJ1" failures="0" tests="1" name="testcase1.AddToCartByVariousMethodAndDeleteTest" time="180.325" errors="0" timestamp="2023-03-13T11:20:34 IST" skipped="0">
  <testcase classname="testcase1.AddToCartByVariousMethodAndDeleteTest" name="AddToCartByVariousMethodAndDeleteTest" time="180.325"/>
  <system-out/>
</testsuite> <!-- testcase1.AddToCartByVariousMethodAndDeleteTest -->
