<?xml version="1.0" encoding="UTF-8"?>
<!-- Generated by org.testng.reporters.JUnitReportReporter -->
<testsuite hostname="DESKTOP-6MJ0RJ1" failures="0" tests="1" name="pratice.class1" time="67.200" errors="0" timestamp="2023-03-07T11:06:59 IST" skipped="0">
  <testcase classname="pratice.class1" name="class1" time="67.200"/>
  <system-out/>
</testsuite> <!-- pratice.class1 -->
