<?xml version="1.0" encoding="UTF-8"?>
<!-- Generated by org.testng.reporters.JUnitReportReporter -->
<testsuite hostname="DESKTOP-6MJ0RJ1" failures="0" tests="1" name="pratice.class2" time="44.244" errors="0" timestamp="2023-03-05T20:34:19 IST" skipped="0">
  <testcase classname="pratice.class2" name="class2" time="44.244"/>
  <system-out/>
</testsuite> <!-- pratice.class2 -->
