<?xml version="1.0" encoding="UTF-8"?>
<!-- Generated by org.testng.reporters.JUnitReportReporter -->
<testsuite hostname="DESKTOP-6MJ0RJ1" failures="0" tests="1" name="testcase4.AddToCartRegionalRegression" time="95.813" errors="0" timestamp="2023-03-13T11:43:44 IST" skipped="0">
  <testcase classname="testcase4.AddToCartRegionalRegression" name="AddToCartByVariousMethodAndDelete2Test" time="95.813"/>
  <system-out/>
</testsuite> <!-- testcase4.AddToCartRegionalRegression -->
