<?xml version="1.0" encoding="UTF-8"?>
<!-- Generated by org.testng.reporters.JUnitReportReporter -->
<testsuite hostname="DESKTOP-6MJ0RJ1" failures="0" tests="1" name="testcase1.AddtoCartIphoneAndDelete" time="70.857" errors="0" timestamp="2023-03-07T14:38:19 IST" skipped="0">
  <testcase classname="testcase1.AddtoCartIphoneAndDelete" name="AddtoCartIphoneAndDelete" time="70.857"/>
  <system-out/>
</testsuite> <!-- testcase1.AddtoCartIphoneAndDelete -->
