<?xml version="1.0" encoding="UTF-8"?>
<!-- Generated by org.testng.reporters.JUnitReportReporter -->
<testsuite hostname="DESKTOP-6MJ0RJ1" failures="0" tests="1" name="testcase1.RegistrationAndLogin" time="43.210" errors="0" timestamp="2023-03-07T13:31:04 IST" skipped="0">
  <testcase classname="testcase1.RegistrationAndLogin" name="RegistrationAndLogin" time="43.210"/>
  <system-out/>
</testsuite> <!-- testcase1.RegistrationAndLogin -->
