<?xml version="1.0" encoding="UTF-8"?>
<!-- Generated by org.testng.reporters.JUnitReportReporter -->
<testsuite hostname="DESKTOP-6MJ0RJ1" failures="0" tests="1" name="testcase1.AddToCartByVariousMethodAndDelete1" time="118.915" errors="0" timestamp="2023-03-07T14:30:44 IST" skipped="0">
  <testcase classname="testcase1.AddToCartByVariousMethodAndDelete1" name="AddToCartByVariousMethodAndDelete1" time="118.915"/>
  <system-out/>
</testsuite> <!-- testcase1.AddToCartByVariousMethodAndDelete1 -->
